[    0.000000] Initializing cgroup subsys cpuset
[    0.000000] Initializing cgroup subsys cpu
[    0.000000] Initializing cgroup subsys cpuacct
[    0.000000] Linux version 4.4.0-186-generic (buildd@lcy01-amd64-002) (gcc version 5.4.0 20160609 (Ubuntu 5.4.0-6ubuntu1~16.04.12) ) #216-Ubuntu SMP Wed Jul 1 05:34:05 UTC 2020 (Ubuntu 4.4.0-186.216-generic 4.4.228)
[    0.000000] Command line: BOOT_IMAGE=/boot/vmlinuz-4.4.0-186-generic root=LABEL=cloudimg-rootfs ro console=tty1 console=ttyS0
[    0.000000] KERNEL supported cpus:
[    0.000000]   Intel GenuineIntel
[    0.000000]   AMD AuthenticAMD
[    0.000000]   Centaur CentaurHauls
[    0.000000] x86/fpu: Legacy x87 FPU detected.
[    0.000000] e820: BIOS-provided physical RAM map:
[    0.000000] BIOS-e820: [mem 0x0000000000000000-0x000000000009fbff] usable
[    0.000000] BIOS-e820: [mem 0x000000000009fc00-0x000000000009ffff] reserved
[    0.000000] BIOS-e820: [mem 0x00000000000f0000-0x00000000000fffff] reserved
[    0.000000] BIOS-e820: [mem 0x0000000000100000-0x000000003ffeffff] usable
[    0.000000] BIOS-e820: [mem 0x000000003fff0000-0x000000003fffffff] ACPI data
[    0.000000] BIOS-e820: [mem 0x00000000fec00000-0x00000000fec00fff] reserved
[    0.000000] BIOS-e820: [mem 0x00000000fee00000-0x00000000fee00fff] reserved
[    0.000000] BIOS-e820: [mem 0x00000000fffc0000-0x00000000ffffffff] reserved
[    0.000000] NX (Execute Disable) protection: active
[    0.000000] SMBIOS 2.5 present.
[    0.000000] Hypervisor detected: KVM
[    0.000000] e820: last_pfn = 0x3fff0 max_arch_pfn = 0x400000000
[    0.000000] MTRR: Disabled
[    0.000000] x86/PAT: MTRRs disabled, skipping PAT initialization too.
[    0.000000] CPU MTRRs all blank - virtualized system.
[    0.000000] x86/PAT: Configuration [0-7]: WB  WT  UC- UC  WB  WT  UC- UC  
[    0.000000] found SMP MP-table at [mem 0x0009fff0-0x0009ffff] mapped at [ffff88000009fff0]
[    0.000000] Scanning 1 areas for low memory corruption
[    0.000000] RAMDISK: [mem 0x362e0000-0x37167fff]
[    0.000000] ACPI: Early table checksum verification disabled
[    0.000000] ACPI: RSDP 0x00000000000E0000 000024 (v02 VBOX  )
[    0.000000] ACPI: XSDT 0x000000003FFF0030 00003C (v01 VBOX   VBOXXSDT 00000001 ASL  00000061)
[    0.000000] ACPI: FACP 0x000000003FFF00F0 0000F4 (v04 VBOX   VBOXFACP 00000001 ASL  00000061)
[    0.000000] ACPI: DSDT 0x000000003FFF0470 002325 (v02 VBOX   VBOXBIOS 00000002 INTL 20100528)
[    0.000000] ACPI: FACS 0x000000003FFF0200 000040
[    0.000000] ACPI: FACS 0x000000003FFF0200 000040
[    0.000000] ACPI: APIC 0x000000003FFF0240 00005C (v02 VBOX   VBOXAPIC 00000001 ASL  00000061)
[    0.000000] ACPI: SSDT 0x000000003FFF02A0 0001CC (v01 VBOX   VBOXCPUT 00000002 INTL 20100528)
[    0.000000] No NUMA configuration found
[    0.000000] Faking a node at [mem 0x0000000000000000-0x000000003ffeffff]
[    0.000000] NODE_DATA(0) allocated [mem 0x3ffeb000-0x3ffeffff]
[    0.000000] kvm-clock: Using msrs 4b564d01 and 4b564d00
[    0.000000] kvm-clock: cpu 0, msr 0:3ffe3001, primary cpu clock
[    0.000000] kvm-clock: using sched offset of 16703471427 cycles
[    0.000000] clocksource: kvm-clock: mask: 0xffffffffffffffff max_cycles: 0x1cd42e4dffb, max_idle_ns: 881590591483 ns
[    0.000000] Zone ranges:
[    0.000000]   DMA      [mem 0x0000000000001000-0x0000000000ffffff]
[    0.000000]   DMA32    [mem 0x0000000001000000-0x000000003ffeffff]
[    0.000000]   Normal   empty
[    0.000000]   Device   empty
[    0.000000] Movable zone start for each node
[    0.000000] Early memory node ranges
[    0.000000]   node   0: [mem 0x0000000000001000-0x000000000009efff]
[    0.000000]   node   0: [mem 0x0000000000100000-0x000000003ffeffff]
[    0.000000] Initmem setup node 0 [mem 0x0000000000001000-0x000000003ffeffff]
[    0.000000] ACPI: PM-Timer IO Port: 0x4008
[    0.000000] IOAPIC[0]: apic_id 2, version 32, address 0xfec00000, GSI 0-23
[    0.000000] ACPI: INT_SRC_OVR (bus 0 bus_irq 0 global_irq 2 dfl dfl)
[    0.000000] ACPI: INT_SRC_OVR (bus 0 bus_irq 9 global_irq 9 low level)
[    0.000000] Using ACPI (MADT) for SMP configuration information
[    0.000000] smpboot: Allowing 2 CPUs, 0 hotplug CPUs
[    0.000000] PM: Registered nosave memory: [mem 0x00000000-0x00000fff]
[    0.000000] PM: Registered nosave memory: [mem 0x0009f000-0x0009ffff]
[    0.000000] PM: Registered nosave memory: [mem 0x000a0000-0x000effff]
[    0.000000] PM: Registered nosave memory: [mem 0x000f0000-0x000fffff]
[    0.000000] e820: [mem 0x40000000-0xfebfffff] available for PCI devices
[    0.000000] Booting paravirtualized kernel on KVM
[    0.000000] clocksource: refined-jiffies: mask: 0xffffffff max_cycles: 0xffffffff, max_idle_ns: 7645519600211568 ns
[    0.000000] setup_percpu: NR_CPUS:512 nr_cpumask_bits:512 nr_cpu_ids:2 nr_node_ids:1
[    0.000000] PERCPU: Embedded 33 pages/cpu @ffff88003fc00000 s95512 r8192 d31464 u1048576
[    0.000000] Built 1 zonelists in Node order, mobility grouping on.  Total pages: 257912
[    0.000000] Policy zone: DMA32
[    0.000000] Kernel command line: BOOT_IMAGE=/boot/vmlinuz-4.4.0-186-generic root=LABEL=cloudimg-rootfs ro console=tty1 console=ttyS0
[    0.000000] PID hash table entries: 4096 (order: 3, 32768 bytes)
[    0.000000] Memory: 997664K/1048120K available (8636K kernel code, 1337K rwdata, 4040K rodata, 1492K init, 1296K bss, 50456K reserved, 0K cma-reserved)
[    0.000000] SLUB: HWalign=64, Order=0-3, MinObjects=0, CPUs=2, Nodes=1
[    0.000000] Kernel/User page tables isolation: enabled
[    0.000000] Hierarchical RCU implementation.
[    0.000000] 	Build-time adjustment of leaf fanout to 64.
[    0.000000] 	RCU restricting CPUs from NR_CPUS=512 to nr_cpu_ids=2.
[    0.000000] RCU: Adjusting geometry for rcu_fanout_leaf=64, nr_cpu_ids=2
[    0.000000] NR_IRQS:33024 nr_irqs:440 16
[    0.000000] Console: colour VGA+ 80x25
[    0.000000] console [tty1] enabled
[    0.000000] console [ttyS0] enabled
[    0.000000] tsc: Detected 2304.006 MHz processor
[    0.629449] Calibrating delay loop (skipped) preset value.. 4608.01 BogoMIPS (lpj=9216024)
[    0.636198] pid_max: default: 32768 minimum: 301
[    0.641353] ACPI: Core revision 20150930
[    0.646863] ACPI: 2 ACPI AML tables successfully acquired and loaded
[    0.653810] Security Framework initialized
[    0.658301] Yama: becoming mindful.
[    0.662336] AppArmor: AppArmor initialized
[    0.665531] Dentry cache hash table entries: 131072 (order: 8, 1048576 bytes)
[    0.675535] Inode-cache hash table entries: 65536 (order: 7, 524288 bytes)
[    0.683750] Mount-cache hash table entries: 2048 (order: 2, 16384 bytes)
[    0.691464] Mountpoint-cache hash table entries: 2048 (order: 2, 16384 bytes)
[    0.702346] Initializing cgroup subsys io
[    0.706391] Initializing cgroup subsys memory
[    0.710430] Initializing cgroup subsys devices
[    0.713744] Initializing cgroup subsys freezer
[    0.717390] Initializing cgroup subsys net_cls
[    0.721902] Initializing cgroup subsys perf_event
[    0.726727] Initializing cgroup subsys net_prio
[    0.730260] Initializing cgroup subsys hugetlb
[    0.733449] Initializing cgroup subsys pids
[    0.739137] mce: CPU supports 0 MCE banks
[    0.743114] Last level iTLB entries: 4KB 64, 2MB 8, 4MB 8
[    0.747762] Last level dTLB entries: 4KB 64, 2MB 0, 4MB 0, 1GB 4
[    0.753694] Spectre V1 : Mitigation: usercopy/swapgs barriers and __user pointer sanitization
[    0.763120] Spectre V2 : Mitigation: Full generic retpoline
[    0.768418] Spectre V2 : Spectre v2 / SpectreRSB mitigation: Filling RSB on context switch
[    0.777271] Speculative Store Bypass: Vulnerable
[    0.782594] MDS: Mitigation: Clear CPU buffers
[    0.807835] Freeing SMP alternatives memory: 36K
[    0.857771] ftrace: allocating 32334 entries in 127 pages
[    1.439524] smpboot: APIC(0) Converting physical 0 to logical package 0
[    1.446232] smpboot: Max logical packages: 1
[    1.464457] ..TIMER: vector=0x30 apic1=0 pin1=2 apic2=-1 pin2=-1
[    1.578686] smpboot: CPU0: Intel(R) Core(TM) i5-8300H CPU @ 2.30GHz (family: 0x6, model: 0x9e, stepping: 0xa)
[    1.589521] Performance Events: unsupported p6 CPU model 158 no PMU driver, software events only.
[    1.667456] KVM setup paravirtual spinlock
[    1.673522] x86: Booting SMP configuration:
[    1.677273] .... node  #0, CPUs:      #1
[    1.681802] kvm-clock: cpu 1, msr 0:3ffe3041, secondary cpu clock
[    1.686080] mce: CPU supports 0 MCE banks
[    1.690674] TSC synchronization [CPU#0 -> CPU#1]:
[    1.695437] Measured 53816 cycles TSC warp between CPUs, turning off TSC clock.
[    1.701894] tsc: Marking TSC unstable due to check_tsc_sync_source failed
[    0.449613] x86: Booted up 1 node, 2 CPUs
[    0.452006] smpboot: Total of 2 processors activated (9216.02 BogoMIPS)
[    0.461365] devtmpfs: initialized
[    0.465486] evm: security.selinux
[    0.468003] evm: security.SMACK64
[    0.472005] evm: security.SMACK64EXEC
[    0.474663] evm: security.SMACK64TRANSMUTE
[    0.476005] evm: security.SMACK64MMAP
[    0.480005] evm: security.ima
[    0.484006] evm: security.capability
[    0.488377] clocksource: jiffies: mask: 0xffffffff max_cycles: 0xffffffff, max_idle_ns: 7645041785100000 ns
[    0.492145] futex hash table entries: 512 (order: 3, 32768 bytes)
[    0.496487] pinctrl core: initialized pinctrl subsystem
[    0.500305] RTC time: 10:08:04, date: 07/29/20
[    0.508225] NET: Registered protocol family 16
[    0.520023] cpuidle: using governor ladder
[    0.532011] cpuidle: using governor menu
[    0.534731] PCCT header not found.
[    0.536198] ACPI: bus type PCI registered
[    0.540004] acpiphp: ACPI Hot Plug PCI Controller Driver version: 0.5
[    0.544380] PCI: Using configuration type 1 for base access
[    0.568533] ACPI: Added _OSI(Module Device)
[    0.572006] ACPI: Added _OSI(Processor Device)
[    0.576004] ACPI: Added _OSI(3.0 _SCP Extensions)
[    0.580007] ACPI: Added _OSI(Processor Aggregator Device)
[    0.585010] ACPI: Executed 1 blocks of module-level executable AML code
[    0.592952] ACPI: Interpreter enabled
[    0.595507] ACPI: (supports S0 S5)
[    0.596005] ACPI: Using IOAPIC for interrupt routing
[    0.600282] PCI: Using host bridge windows from ACPI; if necessary, use "pci=nocrs" and report a bug
[    0.613141] ACPI: PCI Root Bridge [PCI0] (domain 0000 [bus 00-ff])
[    0.616012] acpi PNP0A03:00: _OSC: OS supports [ASPM ClockPM Segments MSI]
[    0.620515] acpi PNP0A03:00: _OSC: not requesting OS control; OS requires [ExtendedConfig ASPM ClockPM MSI]
[    0.624018] acpi PNP0A03:00: fail to add MMCONFIG information, can't access extended PCI configuration space under this bridge.
[    0.628491] PCI host bridge to bus 0000:00
[    0.632007] pci_bus 0000:00: root bus resource [io  0x0000-0x0cf7 window]
[    0.636012] pci_bus 0000:00: root bus resource [io  0x0d00-0xffff window]
[    0.640009] pci_bus 0000:00: root bus resource [mem 0x000a0000-0x000bffff window]
[    0.648014] pci_bus 0000:00: root bus resource [mem 0x40000000-0xfdffffff window]
[    0.652009] pci_bus 0000:00: root bus resource [bus 00-ff]
[    0.662845] pci 0000:00:01.1: legacy IDE quirk: reg 0x10: [io  0x01f0-0x01f7]
[    0.664008] pci 0000:00:01.1: legacy IDE quirk: reg 0x14: [io  0x03f6]
[    0.668009] pci 0000:00:01.1: legacy IDE quirk: reg 0x18: [io  0x0170-0x0177]
[    0.672005] pci 0000:00:01.1: legacy IDE quirk: reg 0x1c: [io  0x0376]
[    0.744134] pci 0000:00:07.0: quirk: [io  0x4000-0x403f] claimed by PIIX4 ACPI
[    0.764030] pci 0000:00:07.0: quirk: [io  0x4100-0x410f] claimed by PIIX4 SMB
[    0.793382] ACPI: PCI Interrupt Link [LNKA] (IRQs 5 9 10 *11)
[    0.840406] ACPI: PCI Interrupt Link [LNKB] (IRQs 5 9 *10 11)
[    0.853381] ACPI: PCI Interrupt Link [LNKC] (IRQs 5 *9 10 11)
[    0.868732] ACPI: PCI Interrupt Link [LNKD] (IRQs 5 9 10 *11)
[    0.880768] ACPI: Enabled 2 GPEs in block 00 to 07
[    0.892208] vgaarb: setting as boot device: PCI:0000:00:02.0
[    0.896000] vgaarb: device added: PCI:0000:00:02.0,decodes=io+mem,owns=io+mem,locks=none
[    0.916006] vgaarb: loaded
[    0.920007] vgaarb: bridge control possible 0000:00:02.0
[    0.932276] SCSI subsystem initialized
[    0.940104] ACPI: bus type USB registered
[    0.944026] usbcore: registered new interface driver usbfs
[    0.956054] usbcore: registered new interface driver hub
[    0.968152] usbcore: registered new device driver usb
[    0.980397] PCI: Using ACPI for IRQ routing
[    0.992379] NetLabel: Initializing
[    0.996002] NetLabel:  domain hash size = 128
[    1.000011] NetLabel:  protocols = UNLABELED CIPSOv4
[    1.008023] NetLabel:  unlabeled traffic allowed by default
[    1.012192] amd_nb: Cannot enumerate AMD northbridges
[    1.020312] clocksource: Switched to clocksource kvm-clock
[    1.071056] AppArmor: AppArmor Filesystem Enabled
[    1.077259] pnp: PnP ACPI init
[    1.082674] pnp: PnP ACPI: found 3 devices
[    1.096921] clocksource: acpi_pm: mask: 0xffffff max_cycles: 0xffffff, max_idle_ns: 2085701024 ns
[    1.107021] NET: Registered protocol family 2
[    1.115395] TCP established hash table entries: 8192 (order: 4, 65536 bytes)
[    1.128391] TCP bind hash table entries: 8192 (order: 5, 131072 bytes)
[    1.135098] TCP: Hash tables configured (established 8192 bind 8192)
[    1.144865] UDP hash table entries: 512 (order: 2, 16384 bytes)
[    1.151161] UDP-Lite hash table entries: 512 (order: 2, 16384 bytes)
[    1.161385] NET: Registered protocol family 1
[    1.165228] pci 0000:00:00.0: Limiting direct PCI/PCI transfers
[    1.171585] pci 0000:00:01.0: Activating ISA DMA hang workarounds
[    1.180372] Unpacking initramfs...
[    1.669086] Freeing initrd memory: 14880K
[    1.675385] clocksource: tsc: mask: 0xffffffffffffffff max_cycles: 0x2135fd711f6, max_idle_ns: 440795262176 ns
[    1.684784] platform rtc_cmos: registered platform RTC device (no PNP device found)
[    1.696640] Scanning for low memory corruption every 60 seconds
[    1.706510] audit: initializing netlink subsys (disabled)
[    1.714545] audit: type=2000 audit(1596017302.413:1): initialized
[    1.720422] Initialise system trusted keyring
[    1.728423] HugeTLB registered 2 MB page size, pre-allocated 0 pages
[    1.735532] zbud: loaded
[    1.740839] VFS: Disk quotas dquot_6.6.0
[    1.745372] VFS: Dquot-cache hash table entries: 512 (order 0, 4096 bytes)
[    1.758137] squashfs: version 4.0 (2009/01/31) Phillip Lougher
[    1.774320] fuse init (API version 7.23)
[    1.781808] Key type big_key registered
[    1.785387] Allocating IMA MOK and blacklist keyrings.
[    1.826743] Key type asymmetric registered
[    1.831944] Asymmetric key parser 'x509' registered
[    1.839073] Block layer SCSI generic (bsg) driver version 0.4 loaded (major 249)
[    1.852927] io scheduler noop registered
[    1.858598] io scheduler deadline registered (default)
[    1.868161] io scheduler cfq registered
[    1.876970] pci_hotplug: PCI Hot Plug PCI Core version: 0.5
[    1.884735] pciehp: PCI Express Hot Plug Controller Driver version: 0.4
[    1.892591] ACPI: AC Adapter [AC] (on-line)
[    1.899179] input: Power Button as /devices/LNXSYSTM:00/LNXPWRBN:00/input/input0
[    1.910251] ACPI: Power Button [PWRF]
[    1.914404] input: Sleep Button as /devices/LNXSYSTM:00/LNXSLPBN:00/input/input1
[    1.921149] ACPI: Sleep Button [SLPF]
[    1.926302] ACPI: Battery Slot [BAT0] (battery present)
[    1.934330] GHES: HEST is not enabled!
[    1.941527] Serial: 8250/16550 driver, 32 ports, IRQ sharing enabled
[    1.974025] 00:02: ttyS0 at I/O 0x3f8 (irq = 4,base_baud = 115200) is a 16550A
[    1.981711] Linux agpgart interface v0.103
[    1.999184] loop: module loaded
[    2.004202] scsi host0: ata_piix
[    2.007820] scsi host1: ata_piix
[    2.011392] ata1: PATA max UDMA/33 cmd 0x1f0 ctl 0x3f6 bmdma 0xd000 irq 14
[    2.015266] ata2: PATA max UDMA/33 cmd 0x170 ctl 0x376 bmdma 0xd008 irq 15
[    2.022324] libphy: Fixed MDIO Bus: probed
[    2.027533] tun: Universal TUN/TAP device driver, 1.6
[    2.031464] tun: (C) 1999-2004 Max Krasnyansky <maxk@qualcomm.com>
[    2.031464] PPP generic driver version 2.4.2
[    2.031464] ehci_hcd: USB 2.0 'Enhanced' Host Controller (EHCI) Driver
[    2.031464] ehci-pci: EHCI PCI platform driver
[    2.031464] ehci-platform: EHCI generic platform driver
[    2.031464] ohci_hcd: USB 1.1 'Open' Host Controller (OHCI) Driver
[    2.031464] ohci-pci: OHCI PCI platform driver
[    2.031464] ohci-platform: OHCI generic platform driver
[    2.031464] uhci_hcd: USB Universal Host Controller Interface driver
[    2.031464] i8042: PNP: PS/2 Controller [PNP0303:PS2K,PNP0f03:PS2M] at 0x60,0x64 irq 1,12
[    2.079712] serio: i8042 KBD port at 0x60,0x64 irq 1
[    2.085567] serio: i8042 AUX port at 0x60,0x64 irq 12
[    2.090203] mousedev: PS/2 mouse device common for all mice
[    2.097274] rtc_cmos rtc_cmos: rtc core: registered rtc_cmos as rtc0
[    2.104238] rtc_cmos rtc_cmos: alarms up to one day, 114 bytes nvram
[    2.110669] i2c /dev entries driver
[    2.114531] input: AT Translated Set 2 keyboard as /devices/platform/i8042/serio0/input/input2
[    2.122885] device-mapper: uevent: version 1.0.3
[    2.127457] device-mapper: ioctl: 4.34.0-ioctl (2015-10-28) initialised: dm-devel@redhat.com
[    2.135886] ledtrig-cpu: registered to indicate activity on CPUs
[    2.144894] NET: Registered protocol family 10
[    2.150283] NET: Registered protocol family 17
[    2.154460] Key type dns_resolver registered
[    2.161690] registered taskstats version 1
[    2.165486] Loading compiled-in X.509 certificates
[    2.170382] Loaded X.509 cert 'Build time autogenerated kernel key: cef5e81496c0efa51b848ab539e845ddf31c08be'
[    2.192458] zswap: loaded using pool lzo/zbud
[    2.246046] Key type trusted registered
[    2.261412] Key type encrypted registered
[    2.265603] AppArmor: AppArmor sha1 policy hashing enabled
[    2.269788] ima: No TPM chip found, activating TPM-bypass!
[    2.274154] ima: Allocated hash algorithm: sha1
[    2.278388] evm: HMAC attrs: 0x1
[    2.283224]   Magic number: 12:310:124
[    2.287612] rtc_cmos rtc_cmos: setting system clock to 2020-07-29 10:08:06 UTC (1596017286)
[    2.295257] BIOS EDD facility v0.16 2004-Jun-25, 0 devices found
[    2.300338] EDD information not available.
[    2.305523] Freeing unused kernel memory: 1492K
[    2.320883] Write protecting the kernel read-only data: 14336k
[    2.326223] Freeing unused kernel memory: 1592K
[    2.330176] Freeing unused kernel memory: 56K
Loading, please wait...
starting version 229
[    2.363302] random: systemd-udevd: uninitialized urandom read (16 bytes read, 5 bits of entropy available)
[    2.363917] random: udevadm: uninitialized urandom read (16 bytes read, 5 bits of entropy available)
[    2.363932] random: udevadm: uninitialized urandom read (16 bytes read, 5 bits of entropy available)
[    2.379667] random: udevadm: uninitialized urandom read (16 bytes read, 5 bits of entropy available)
[    2.379709] random: udevadm: uninitialized urandom read (16 bytes read, 5 bits of entropy available)
[    2.379916] random: udevadm: uninitialized urandom read (16 bytes read, 5 bits of entropy available)
[    2.379997] random: udevadm: uninitialized urandom read (16 bytes read, 5 bits of entropy available)
[    2.380295] random: udevadm: uninitialized urandom read (16 bytes read, 5 bits of entropy available)
[    2.380370] random: udevadm: uninitialized urandom read (16 bytes read, 5 bits of entropy available)
[    2.380449] random: udevadm: uninitialized urandom read (16 bytes read, 5 bits of entropy available)
[    2.490677] e1000: Intel(R) PRO/1000 Network Driver - version 7.3.21-k8-NAPI
[    2.496261] e1000: Copyright (c) 1999-2006 Intel Corporation.
[    2.507932] Fusion MPT base driver 3.04.20
[    2.512874] Copyright (c) 1999-2008 LSI Corporation
[    2.551491] Fusion MPT SPI Host driver 3.04.20
[    2.753630] input: ImExPS/2 Generic Explorer Mouse as /devices/platform/i8042/serio1/input/input4
[    3.547457] e1000 0000:00:03.0 eth0: (PCI:33MHz:32-bit) 08:00:27:f8:29:47
[    3.555180] e1000 0000:00:03.0 eth0: Intel(R) PRO/1000 Network Connection
[    3.562413] mptbase: ioc0: Initiating bringup
[    3.828549] ioc0: LSI53C1030 A0: Capabilities={Initiator}
[    4.063180] scsi host2: ioc0: LSI53C1030 A0, FwRev=00000000h, Ports=1, MaxQ=256, IRQ=20
[    4.214036] scsi 2:0:0:0: Direct-Access     VBOX     HARDDISK         1.0  PQ: 0 ANSI: 5
[    4.222787] scsi target2:0:0: Beginning Domain Validation
[    4.236335] scsi target2:0:0: Domain Validation skipping write tests
[    4.243062] scsi target2:0:0: Ending Domain Validation
[    4.249289] scsi target2:0:0: asynchronous
[    4.259556] scsi 2:0:1:0: Direct-Access     VBOX     HARDDISK         1.0  PQ: 0 ANSI: 5
[    4.268996] scsi target2:0:1: Beginning Domain Validation
[    4.281267] scsi target2:0:1: Domain Validation skipping write tests
[    4.286724] scsi target2:0:1: Ending Domain Validation
[    4.293583] scsi target2:0:1: asynchronous
[    4.325721] sd 2:0:0:0: Attached scsi generic sg0 type 0
[    4.332729] sd 2:0:0:0: [sda] 20971520 512-byte logical blocks: (10.7 GB/10.0 GiB)
[    4.341423] sd 2:0:1:0: [sdb] 20480 512-byte logical blocks: (10.5 MB/10.0 MiB)
[    4.348841] sd 2:0:1:0: Attached scsi generic sg1 type 0
[    4.357751] sd 2:0:0:0: [sda] Write Protect is off
[    4.372316] sd 2:0:1:0: [sdb] Write Protect is off
[    4.377799] sd 2:0:1:0: [sdb] Incomplete mode parameter data
[    4.384790] sd 2:0:1:0: [sdb] Assuming drive cache: write through
[    4.391311] sd 2:0:0:0: [sda] Incomplete mode parameter data
[    4.399084] sd 2:0:0:0: [sda] Assuming drive cache: write through
[    4.544275]  sda: sda1
[    4.550235] sd 2:0:0:0: [sda] Attached SCSI disk
[    4.657416] sd 2:0:1:0: [sdb] Attached SCSI disk
[    4.948242] e1000 0000:00:08.0 eth1: (PCI:33MHz:32-bit) 08:00:27:e1:80:34
[    4.953540] e1000 0000:00:08.0 eth1: Intel(R) PRO/1000 Network Connection
[    4.961910] e1000 0000:00:03.0 enp0s3: renamed from eth0
[    4.977140] e1000 0000:00:08.0 enp0s8: renamed from eth1
Begin: Loading essential drivers ... [    6.741876] md: linear personality registered for level -1
[    6.753090] md: multipath personality registered for level -4
[    6.763899] md: raid0 personality registered for level 0
[    6.785721] md: raid1 personality registered for level 1
[    6.868371] raid6: sse2x1   gen() 10284 MB/s
[    6.936390] raid6: sse2x1   xor()  9039 MB/s
[    7.004779] raid6: sse2x2   gen() 12032 MB/s
[    7.076100] raid6: sse2x2   xor() 10263 MB/s
[    7.144252] raid6: sse2x4   gen() 14544 MB/s
[    7.212633] raid6: sse2x4   xor() 10245 MB/s
[    7.216802] raid6: using algorithm sse2x4 gen() 14544 MB/s
[    7.221360] raid6: .... xor() 10245 MB/s, rmw enabled
[    7.225872] raid6: using ssse3x2 recovery algorithm
[    7.232805] xor: measuring software checksum speed
[    8.044323]    prefetch64-sse: -768900.-296 MB/sec
[   12.093902]    generic_sse: 445981.704 MB/sec
[   12.098213] xor: using function: generic_sse (445981.704 MB/sec)
[   12.107879] async_tx: api initialized (async)
[   12.162067] md: raid6 personality registered for level 6
[   12.167914] md: raid5 personality registered for level 5
[   12.173671] md: raid4 personality registered for level 4
[   12.199640] md: raid10 personality registered for level 10
done.
Begin: Running /scripts/init-premount ... done.
Begin: Mounting root file system ... Begin: Running /scripts/local-top ... done.
Begin: Running /scripts/local-premount ... [   12.300024] Btrfs loaded
Scanning for Btrfs filesystems
done.
Warning: fsck not present, so skipping root file system
[   12.831111] random: nonblocking pool is initialized
[   12.967137] EXT4-fs (sda1): mounted filesystem with ordered data mode. Opts: (null)
done.
Begin: Running /scripts/local-bottom ... done.
Begin: Running /scripts/init-bottom ... done.
[   18.085845] systemd[1]: systemd 229 running in system mode. (+PAM +AUDIT +SELINUX +IMA +APPARMOR +SMACK +SYSVINIT +UTMP +LIBCRYPTSETUP +GCRYPT +GNUTLS +ACL +XZ -LZ4 +SECCOMP +BLKID +ELFUTILS +KMOD -IDN)
[   18.100541] systemd[1]: Detected virtualization oracle.
[   18.104937] systemd[1]: Detected architecture x86-64.

Welcome to [1mUbuntu 16.04.6 LTS[0m!

[   18.258878] systemd[1]: Set hostname to <ubuntu>.
[   18.399285] systemd[1]: Initializing machine ID from random generator.
[   18.403128] systemd[1]: Installed transient /etc/machine-id file.
[   23.819225] systemd[1]: Listening on /dev/initctl Compatibility Named Pipe.
[[0;32m  OK  [0m] Listening on /dev/initctl Compatibility Named Pipe.
[   23.829455] systemd[1]: Started Trigger resolvconf update for networkd DNS.
[[0;32m  OK  [0m] Started Trigger resolvconf update for networkd DNS.
[   23.838103] systemd[1]: Reached target Encrypted Volumes.
[[0;32m  OK  [0m] Reached target Encrypted Volumes.
[   24.025778] systemd[1]: Listening on Journal Socket (/dev/log).
[[0;32m  OK  [0m] Listening on Journal Socket (/dev/log).
[   24.034265] systemd[1]: Listening on Device-mapper event daemon FIFOs.
[[0;32m  OK  [0m] Listening on Device-mapper event daemon FIFOs.
[   24.042548] systemd[1]: Listening on Journal Socket.
[[0;32m  OK  [0m] Listening on Journal Socket.
[   24.050703] systemd[1]: Listening on udev Kernel Socket.
[[0;32m  OK  [0m] Listening on udev Kernel Socket.
[   24.058263] systemd[1]: Listening on Journal Audit Socket.
[[0;32m  OK  [0m] Listening on Journal Audit Socket.
[   24.065526] systemd[1]: Listening on Syslog Socket.
[[0;32m  OK  [0m] Listening on Syslog Socket.
[   24.072240] systemd[1]: Reached target User and Group Name Lookups.
[[0;32m  OK  [0m] Reached target User and Group Name Lookups.
[   24.080354] systemd[1]: Created slice System Slice.
[[0;32m  OK  [0m] Created slice System Slice.
[   24.101570] systemd[1]: Starting Nameserver information manager...
         Starting Nameserver information manager...
[   24.111363] systemd[1]: Mounting POSIX Message Queue File System...
         Mounting POSIX Message Queue File System...
[   24.120712] systemd[1]: Mounting Debug File System...
         Mounting Debug File System...
[   24.128246] systemd[1]: Starting Set console keymap...
         Starting Set console keymap...
[   24.136731] systemd[1]: Starting Remount Root and Kernel File Systems...
         Starting Remount Root and Kernel File Systems...
[   24.145068] systemd[1]: Created slice system-serial\x2dgetty.slice.
[[0;32m  OK  [0m] Created slice system-serial\x2dgetty.slice.
[   24.153330] systemd[1]: Listening on LVM2 metadata daemon socket.
[[0;32m  OK  [0m] Listening on LVM2 metadata daemon socket.
[   24.177085] systemd[1]: Starting Monitoring of LVM2 mirrors, snapshots etc. using dmeventd or progress polling...
         Starting Monitoring of LVM2 mirrors... dmeventd or progress polling...
[   24.191156] systemd[1]: Starting Create list of required static device nodes for the current kernel...
         Starting Create list of required st... nodes for the current kernel...
[   24.202666] systemd[1]: Started Forward Password Requests to Wall Directory Watch.
[[0;32m  OK  [0m] Started Forward Password Requests to Wall Directory Watch.
[   24.213278] systemd[1]: Listening on LVM2 poll daemon socket.
[   24.217446] EXT4-fs (sda1): re-mounted. Opts: (null)
[[0;32m  OK  [0m] Listening on LVM2 poll daemon socket.
[   24.225173] systemd[1]: Reached target Swap.
[[0;32m  OK  [0m] Reached target Swap.
[   24.233712] systemd[1]: Set up automount Arbitrary Executable File Formats File System Automount Point.
[[0;32m  OK  [0m] Set up automount Arbitrary Executab...ats File System Automount Point.
[   24.256535] systemd[1]: Starting Journal Service...
         Starting Journal Service...
[   24.263136] systemd[1]: Listening on udev Control Socket.
[[0;32m  OK  [0m] Listening on udev Control Socket.
[   24.271823] systemd[1]: Starting Uncomplicated firewall...
         Starting Uncomplicated firewall...
[   24.279442] systemd[1]: Created slice User and Session Slice.
[[0;32m  OK  [0m] Created slice User and Session Slice.
[   24.287664] systemd[1]: Reached target Slices.
[[0;32m  OK  [0m] Reached target Slices.
[   24.295270] systemd[1]: Mounting Huge Pages File System...
         Mounting Huge Pages File System...
[   24.303859] systemd[1]: Reached target System Time Synchronized.
[[0;32m  OK  [0m] Reached target System Time Synchronized.
[   24.418856] systemd[1]: Starting Load Kernel Modules...
         Starting Load Kernel Modules...
[   24.430833] systemd[1]: Mounted POSIX Message Queue File System.
[[0;32m  OK  [0m] Mounted POSIX Message Queue File System.
[   24.443330] systemd[1]: Mounted Debug File System.
[[0;32m  OK  [0m] Mounted Debug File System.
[   24.452583] systemd[1]: Mounted Huge Pages File System.
[[0;32m  OK  [0m] Mounted Huge Pages File System.
[   24.481766] systemd[1]: Started Set console keymap.
[[0;32m  OK  [0m] Started Set console keymap.
[   24.493600] systemd[1]: Started Remount Root and Kernel File Systems.
[[0;32m  OK  [0m] Started Remount Root and Kernel File Systems.
[   24.503354] systemd[1]: Started Create list of required static device nodes for the current kernel.
[[0;32m  OK  [0m] Started Create list of required sta...ce nodes for the current kernel.
[   24.516451] systemd[1]: Started Uncomplicated firewall.
[[0;32m  OK  [0m] Started Uncomplicated firewall.
[   24.537234] systemd[1]: Starting Create Static Device Nodes in /dev...
         Starting Create Static Device Nodes in /dev...
[   24.553192] systemd[1]: Starting Load/Save Random Seed...
         Starting Load/Save Random Seed...
[   24.596374] systemd[1]: Starting udev Coldplug all Devices...
         Starting udev Coldplug all Devices...
[   24.610557] systemd[1]: Started Nameserver information manager.
[[0;32m  OK  [0m] Started Nameserver information manager.
[   24.640784] Loading iSCSI transport class v2.0-870.
[   24.648807] systemd[1]: Started LVM2 metadata daemon.
[[0;32m  OK  [0m] Started LVM2 metadata daemon.
[   24.691101] systemd[1]: Started Load/Save Random Seed.
[[0;32m  OK  [0m] Started Load/Save Random Seed.
[   24.703898] systemd[1]: Started Journal Service.
[[0;32m  OK  [0m] Started Journal Service.
         Starting Flush Journal to Persistent Storage...
[[0;32m  OK  [0m] Started udev Coldplug all Devices.
[   24.793798] iscsi: registered transport (tcp)
[   24.876103] systemd-journald[379]: Received request to flush runtime journal from PID 1
[[0;32m  OK  [0m] Started Flush Journal to Persistent Storage.
[[0;32m  OK  [0m] Started Monitoring of LVM2 mirro[   25.196300] iscsi: registered transport (iser)
rs,...ng dmeventd or progress polling.
[[0;32m  OK  [0m] Started Load Kernel Modules.
         Starting Apply Kernel Variables...
         Mounting FUSE Control File System...
[[0;32m  OK  [0m] Mounted FUSE Control File System.
[[0;32m  OK  [0m] Started Apply Kernel Variables.
[[0;32m  OK  [0m] Started Create Static Device Nodes in /dev.
[[0;32m  OK  [0m] Reached target Local File Systems (Pre).
[[0;32m  OK  [0m] Reached target Local File Systems.
         Starting Create Volatile Files and Directories...
         Starting LSB: AppArmor initialization...
         Starting Commit a transient machine-id on disk...
         Starting Initial cloud-init job (pre-networking)...
         Starting Set console font and keymap...
         Starting Tell Plymouth To Write Out Runtime Data...
         Starting udev Kernel Device Manager...
[[0;32m  OK  [0m] Started Commit a transient machine-id on disk.
[[0;32m  OK  [0m] Started Create Volatile Files and Directories.
         Starting Update UTMP about System Boot/Shutdown...
[[0;32m  OK  [0m] Started Update UTMP about System Boot/Shutdown.
[[0;32m  OK  [0m] Started Tell Plymouth To Write Out Runtime Data.
[[0;32m  OK  [0m] Started Set console font and keymap.
[[0;32m  OK  [0m] Created slice system-getty.slice.
[[0;32m  OK  [0m] Started udev Kernel Device Manager.
[[0;32m  OK  [0m] Started Dispatch Password Requests to Console Directory Watch.
[[0;32m  OK  [0m] Found device /dev/ttyS0.
[[0;32m  OK  [0m] Listening on Load/Save RF Kill Switch Status /dev/rfkill Watch.
[[0;32m  OK  [0m] Started LSB: AppArmor initialization.
         Starting Load AppArmor profiles managed internally by snapd...
[[0;32m  OK  [0m] Started Load AppArmor profiles managed internally by snapd.
[   42.988935] cloud-init[450]: Cloud-init v. 20.2-45-g5f7825e2-0ubuntu1~16.04.1 running 'init-local' at Wed, 29 Jul 2020 10:08:45 +0000. Up 41.25 seconds.
[[0;32m  OK  [0m] Started Initial cloud-init job (pre-networking).
[[0;32m  OK  [0m] Reached target Network (Pre).
         Starting Raise network interfaces...
[[0;32m  OK  [0m] Started Raise network interfaces.
[[0;32m  OK  [0m] Reached target Network.
         Starting Initial cloud-init job (metadata service crawler)...
[   49.108676] cloud-init[941]: Cloud-init v. 20.2-45-g5f7825e2-0ubuntu1~16.04.1 running 'init' at Wed, 29 Jul 2020 10:08:49 +0000. Up 44.99 seconds.
[   49.124149] cloud-init[941]: ci-info: +++++++++++++++++++++++++++++++++++++++Net device info+++++++++++++++++++++++++++++++++++++++
[   49.130722] cloud-init[941]: ci-info: +--------+-------+-----------------------------+---------------+--------+-------------------+
[   49.137936] cloud-init[941]: ci-info: | Device |   Up  |           Address           |      Mask     | Scope  |     Hw-Address    |
[   49.144394] cloud-init[941]: ci-info: +--------+-------+-----------------------------+---------------+--------+-------------------+
[   49.150557] cloud-init[941]: ci-info: | enp0s3 |  True |          10.0.2.15          | 255.255.255.0 | global | 08:00:27:f8:29:47 |
[   49.156538] cloud-init[941]: ci-info: | enp0s3 |  True | fe80::a00:27ff:fef8:2947/64 |       .       |  link  | 08:00:27:f8:29:47 |
[   49.163199] cloud-init[941]: ci-info: | enp0s8 | False |              .              |       .       |   .    | 08:00:27:e1:80:34 |
[   49.169236] cloud-init[941]: ci-info: |   lo   |  True |          127.0.0.1          |   255.0.0.0   |  host  |         .         |
[   49.175136] cloud-init[941]: ci-info: |   lo   |  True |           ::1/128           |       .       |  host  |         .         |
[   49.180867] cloud-init[941]: ci-info: +--------+-------+-----------------------------+---------------+--------+-------------------+
[   49.199538] cloud-init[941]: ci-info: +++++++++++++++++++++++++++Route IPv4 info++++++++++++++++++++++++++++
[   49.206113] cloud-init[941]: ci-info: +-------+-------------+----------+---------------+-----------+-------+
[   49.211619] cloud-init[941]: ci-info: | Route | Destination | Gateway  |    Genmask    | Interface | Flags |
[   49.216763] cloud-init[941]: ci-info: +-------+-------------+----------+---------------+-----------+-------+
[   49.222127] cloud-init[941]: ci-info: |   0   |   0.0.0.0   | 10.0.2.2 |    0.0.0.0    |   enp0s3  |   UG  |
[   49.228004] cloud-init[941]: ci-info: |   1   |   10.0.2.0  | 0.0.0.0  | 255.255.255.0 |   enp0s3  |   U   |
[   49.233971] cloud-init[941]: ci-info: +-------+-------------+----------+---------------+-----------+-------+
[   49.239630] cloud-init[941]: ci-info: +++++++++++++++++++Route IPv6 info+++++++++++++++++++
[   49.245206] cloud-init[941]: ci-info: +-------+-------------+---------+-----------+-------+
[   49.249830] cloud-init[941]: ci-info: | Route | Destination | Gateway | Interface | Flags |
[   49.254328] cloud-init[941]: ci-info: +-------+-------------+---------+-----------+-------+
[   49.259492] cloud-init[941]: ci-info: |   0   |  fe80::/64  |    ::   |   enp0s3  |   U   |
[   49.264879] cloud-init[941]: ci-info: |   3   |   ff00::/8  |    ::   |   enp0s3  |   U   |
[[   49.269478] cloud-init[941]: ci-info: +-------+-------------+---------+-----------+-------+
[   49.271530] cloud-init[941]: Generating public/private rsa key pair.
[   49.271935] cloud-init[941]: Your identification has been saved in /etc/ssh/ssh_host_rsa_key.
[   49.273026] cloud-init[941]: Your public key has been saved in /etc/ssh/ssh_host_rsa_key.pub.
[   49.273364] cloud-init[941]: The key fingerprint is:
[   49.273865] cloud-init[941]: SHA256:oiUPb8jAFGW6ePz+cgDTj/UdwZk3Uxu61M4iOZK7TZQ root@ubuntu-xenial
[   49.274443] cloud-init[941]: The key's randomart image is:
[   49.274929] cloud-init[941]: +---[RSA 2048]----+
[   49.275494] cloud-init[941]: |  ..o    . o .o  |
[   49.275967] cloud-init[941]: |   +      = +o o |
[   49.277162] cloud-init[941]: |  o.       oooo  |
[   49.277336] cloud-init[941]: | =o.. .  ..+ +   |
[   49.277774] cloud-init[941]: |. *oo+o.S.E.o o  |
[   49.278209] cloud-init[941]: | . +oO...+.o .   |
[   49.278765] cloud-init[941]: |    =.+ . .      |
[   49.279183] cloud-init[941]: |   ....  +       |
[   49.279596] cloud-init[941]: |    .+. . .      |
[   49.280369] cloud-init[941]: +----[SHA256]-----+
[   49.280761] cloud-init[941]: Generating public/private dsa key pair.
[   49.281230] cloud-init[941]: Your identification has been saved in /etc/ssh/ssh_host_dsa_key.
[   49.281645] cloud-init[941]: Your public key has been saved in /etc/ssh/ssh_host_dsa_key.pub.
[   49.282097] cloud-init[941]: The key fingerprint is:
[   49.282495] cloud-init[941]: SHA256:B+ktkBJSE+6bXSxV0kZllFRZYX2c2otoKXFf3rH5X+w root@ubuntu-xenial
[   49.282904] cloud-init[941]: The key's randomart image is:
[   49.283327] cloud-init[941]: +---[DSA 1024]----+
[   49.283738] cloud-init[941]: |  ..=.  .oo+=o.*=|
[   49.284387] cloud-init[941]: |   o o . +o.. o.+|
[   49.284666] cloud-init[941]: |    o o +.    o .|
[   49.285095] cloud-init[941]: |   . . = + . . + |
[   49.285499] cloud-init[941]: |    . . S = + + *|
[   49.285906] cloud-init[941]: |     + o + + o *.|
[   49.286371] cloud-init[941]: |    o .   o     +|
[   49.286815] cloud-init[941]: |               .o|
[   49.287257] cloud-init[941]: |                E|
[   49.287657] cloud-init[941]: +----[SHA256]-----+
[   49.288417] cloud-init[941]: Generating public/private ecdsa key pair.
[   49.288674] cloud-init[941]: Your identification has been saved in /etc/ssh/ssh_host_ecdsa_key.
[   49.289139] cloud-init[941]: Your public key has been saved in /etc/ssh/ssh_host_ecdsa_key.pub.
[   49.289550] cloud-init[941]: The key fingerprint is:
[   49.289939] cloud-init[941]: SHA256:0zumlpXcmUng2e2eoTT7QNSYvPiMdG9fpuih+RqOqvE root@ubuntu-xenial
[   49.290712] cloud-init[941]: The key's randomart image is:
[   49.291245] cloud-init[941]: +---[ECDSA 256]---+
[   49.291695] cloud-init[941]: |                 |
[   49.293003] cloud-init[941]: |          .. +   |
[   49.293491] cloud-init[941]: |         . +=..  |
[   49.294058] cloud-init[941]: |         .ooo..  |
[   49.294533] cloud-init[941]: |        S.+++=   |
[   49.295130] cloud-init[941]: |         o+BB.o  |
[   49.295648] cloud-init[941]: |    .    o*.==ooo|
[   49.296837] cloud-init[941]: |     o  o= =o=o+.|
[   49.297349] cloud-init[941]: |    ..Eoo =++.o .|
[   49.297876] cloud-init[941]: +----[SHA256]-----+
[   49.298429] cloud-init[941]: Generating public/private ed25519 key pair.
[   49.298891] cloud-init[941]: Your identification has been saved in /etc/ssh/ssh_host_ed25519_key.
[   49.299413] cloud-init[941]: Your public key has been saved in /etc/ssh/ssh_host_ed25519_key.pub.
[   49.300394] cloud-init[941]: The key fingerprint is:
[   49.300701] cloud-init[941]: SHA256:2hzwQ5tdFmTXJs7lSUGiOHL+39oA/ys4OAikN7zdyFY root@ubuntu-xenial
[   49.301196] cloud-init[941]: The key's randomart image is:
[   49.301819] cloud-init[941]: +--[ED25519 256]--+
[   49.302391] cloud-init[941]: |           .+.o+.|
[   49.302830] cloud-init[941]: |          ...oo.+|
[   49.303309] cloud-init[941]: |      ...+ .oo.=.|
[   49.303745] cloud-init[941]: |     . +++.o  o..|
[   49.304936] cloud-init[941]: |    +   S...     |
[   49.305418] cloud-init[941]: |   . = + E. o    |
[   49.305996] cloud-init[941]: |    . B B ...o   |
[   49.306558] cloud-init[941]: |     . * + o..=  |
[   49.307506] cloud-init[941]: |      .   . .oo=.|
[   49.307930] cloud-init[941]: +----[SHA256]-----+
[0;32m  OK  [0m] Started Initial cloud-init job (metadata service crawler).
[[0;32m  OK  [0m] Reached target Network is Online.
         Starting iSCSI initiator daemon (iscsid)...
[[0;32m  OK  [0m] Reached target System Initialization.
[[0;32m  OK  [0m] Listening on D-Bus System Message Bus Socket.
[[0;32m  OK  [0m] Started ACPI Events Check.
[[0;32m  OK  [0m] Reached target Paths.
[[0;32m  OK  [0m] Started Message of the Day.
[[0;32m  OK  [0m] Listening on UUID daemon activation socket.
[[0;32m  OK  [0m] Started Daily apt download activities.
[[0;32m  OK  [0m] Started Daily apt upgrade and clean activities.
         Starting LXD - unix socket.
[[0;32m  OK  [0m] Listening on ACPID Listen Socket.
         Starting Socket activation for snappy daemon.
[[0;32m  OK  [0m] Started Daily Cleanup of Temporary Directories.
[[0;32m  OK  [0m] Reached target Timers.
[[0;32m  OK  [0m] Reached target Cloud-config availability.
[[0;32m  OK  [0m] Listening on LXD - unix socket.
[[0;32m  OK  [0m] Listening on Socket activation for snappy daemon.
[[0;32m  OK  [0m] Reached target Sockets.
[[0;32m  OK  [0m] Reached target Basic System.
[[0;32m  OK  [0m] Started Regular background program processing daemon.
         Starting LSB: MD monitoring daemon...
         Starting System Logging Service...
[[0;32m  OK  [0m] Started FUSE filesystem for LXC.
         Starting LXD - container startup/shutdown...
         Starting Virtualbox guest utils...
         Starting /etc/rc.local Compatibility...
[[0;32m  OK  [0m] Started D-Bus System Message Bus.
         Starting LSB: Record successful boot for GRUB...
         Starting Pollinate to seed the pseudo random number generator...
         Starting Snap Daemon...
         Starting Accounts Service...
         Starting Login Service...
[[0;32m  OK  [0m] Started ACPI event daemon.
[[0;32m  OK  [0m] Started Deferred execution scheduler.
[[0;32m  OK  [0m] Started System Logging Service.
[[0;32m  OK  [0m] Started /etc/rc.local Compatibility.
[[0;32m  OK  [0m] Started iSCSI initiator daemon (iscsid).
         Starting Login to default iSCSI targets...
[[0;32m  OK  [0m] Started LSB: Record successful boot for GRUB.
[[0;32m  OK  [0m] Started LSB: MD monitoring daemon.
[[0;32m  OK  [0m] Started Login Service.
[[0;32m  OK  [0m] Started Unattended Upgrades Shutdown.
[[0;32m  OK  [0m] Started Login to default iSCSI targets.
[[0;32m  OK  [0m] Reached target Remote File Systems (Pre).
[[0;32m  OK  [0m] Reached target Remote File Systems.
         Starting Permit User Sessions...
         Starting LSB: automatic crash report generation...
         Starting LSB: Set the CPU Frequency Scaling governor to "ondemand"...
         Starting LSB: daemon to balance interrupts for SMP systems...
[[0;32m  OK  [0m] Started LSB: Set the CPU Frequency Scaling governor to "ondemand".
[[0;32m  OK  [0m] Started Permit User Sessions.
         Starting Terminate Plymouth Boot Screen...
         Starting Hold until boot process finishes up...
[[0;32m  OK  [0m] Started Hold until boot process finishes up.
[[0;32m  OK  [0m] Started Terminate Plymouth Boot Screen.
[[0;32m  OK  [0m] Started Serial Getty on ttyS0.
[[0;32m  OK  [0m] Started Getty on tty1.
[[0;32m  OK  [0m] Reached target Login Prompts.
         Starting Set console scheme...
[[0;32m  OK  [0m] Started Set console scheme.
[[0;32m  OK  [0m] Started LSB: automatic crash report generation.
[[0;32m  OK  [0m] Started LSB: daemon to balance interrupts for SMP systems.
[[0;32m  OK  [0m] Started Virtualbox guest utils.
         Starting Authenticate and Authorize Users to Run Privileged Tasks...
[[0;32m  OK  [0m] Started Authenticate and Authorize Users to Run Privileged Tasks.
[[0;32m  OK  [0m] Started Accounts Service.
[[0;32m  OK  [0m] Started LXD - container startup/shutdown.
[[0;32m  OK  [0m] Started Pollinate to seed the pseudo random number generator.
         Starting OpenBSD Secure Shell server...

Ubuntu 16.04.6 LTS ubuntu-xenial ttyS0

ubuntu-xenial login: 